<?xml version="1.0" encoding="UTF-8"?>
<!-- Generated by org.testng.reporters.JUnitReportReporter -->
<testsuite hostname="b7fb14df237f508" failures="0" tests="1" name="login.NewTest" time="3.059" errors="0" timestamp="2023-04-11T22:48:19 IST" skipped="0">
  <testcase classname="login.NewTest" name="testMethod" time="3.059"/>
  <system-out>
    <![CDATA[This is the path]]>
  </system-out>
</testsuite> <!-- login.NewTest -->
